<?xml version="1.0" encoding="UTF-8"?>
<coverage generated="1669048726981" clover="3.2.0">
  <project timestamp="1669048726981" name="All files">
    <metrics statements="15" coveredstatements="15" conditionals="0" coveredconditionals="0" methods="5" coveredmethods="5" elements="20" coveredelements="20" complexity="0" loc="15" ncloc="15" packages="1" files="2" classes="2"/>
    <file name="arraybufferconverter.js" path="C:\Users\Пользователь\Desktop\ajs9.2\src\arraybufferconverter.js">
      <metrics statements="8" coveredstatements="8" conditionals="0" coveredconditionals="0" methods="3" coveredmethods="3"/>
      <line num="3" count="1" type="stmt"/>
      <line num="7" count="1" type="stmt"/>
      <line num="8" count="1" type="stmt"/>
      <line num="12" count="1" type="stmt"/>
      <line num="13" count="1" type="stmt"/>
      <line num="14" count="1" type="stmt"/>
      <line num="15" count="53" type="stmt"/>
      <line num="17" count="1" type="stmt"/>
    </file>
    <file name="getbuffer.js" path="C:\Users\Пользователь\Desktop\ajs9.2\src\getbuffer.js">
      <metrics statements="7" coveredstatements="7" conditionals="0" coveredconditionals="0" methods="2" coveredmethods="2"/>
      <line num="2" count="1" type="stmt"/>
      <line num="3" count="1" type="stmt"/>
      <line num="4" count="1" type="stmt"/>
      <line num="5" count="1" type="stmt"/>
      <line num="6" count="1" type="stmt"/>
      <line num="7" count="53" type="stmt"/>
      <line num="9" count="1" type="stmt"/>
    </file>
  </project>
</coverage>
